<?xml version="1.0" encoding="UTF-8"?>
<!-- Generated by org.testng.reporters.JUnitXMLReporter -->
<testsuite ignored="0" hostname="DESKTOP-DE53235" failures="1" tests="3" name="TestTricentis" time="71.457" errors="0" timestamp="2025-02-04T16:55:11 IST">
  <testcase classname="io.cucumber.testng.AbstractTestNGCucumberTests" name="runScenario" time="28.006"/>
  <testcase classname="io.cucumber.testng.AbstractTestNGCucumberTests" name="runScenario" time="23.638"/>
  <testcase classname="io.cucumber.testng.AbstractTestNGCucumberTests" name="runScenario" time="66.037">
    <failure type="java.lang.ClassCastException" message="class org03.runner.TestRunner cannot be cast to class utilities.SeleniumUtility (org03.runner.TestRunner and utilities.SeleniumUtility are in unnamed module of loader &amp;apos;app&amp;apos;)">
      <![CDATA[java.lang.ClassCastException: class org03.runner.TestRunner cannot be cast to class utilities.SeleniumUtility (org03.runner.TestRunner and utilities.SeleniumUtility are in unnamed module of loader 'app')
at utilities.Retry.extendReportsFailOperations(Retry.java:31)
at utilities.Retry.retry(Retry.java:20)
at java.base/java.util.ArrayList.forEach(ArrayList.java:1596)
... Removed 23 stack frames]]>
    </failure>
  </testcase> <!-- runScenario -->
</testsuite> <!-- TestTricentis -->
